SF:lib/src/core/http/http_helper.dart
DA:12,1
DA:17,1
DA:18,1
DA:22,1
DA:23,1
DA:24,1
DA:25,1
DA:26,3
DA:27,1
DA:28,2
DA:29,3
DA:30,1
DA:31,1
DA:32,1
DA:33,3
DA:35,3
DA:39,1
DA:40,3
DA:41,2
DA:42,1
DA:43,4
DA:46,4
DA:47,2
DA:48,1
LF:24
LH:24
end_of_record
SF:lib/src/core/http/http_request_parameters.dart
DA:16,6
DA:27,1
DA:38,1
DA:39,1
DA:40,1
DA:41,1
DA:42,1
DA:43,1
DA:44,1
DA:45,1
DA:46,1
DA:47,1
DA:51,1
DA:53,2
DA:54,1
DA:55,1
DA:56,1
DA:57,1
DA:58,1
DA:61,1
DA:62,1
DA:63,1
DA:64,1
DA:65,1
DA:66,1
DA:67,1
DA:68,1
DA:69,1
DA:70,1
DA:71,1
LF:30
LH:30
end_of_record
SF:lib/src/core/certificate/cert.dart
DA:5,0
DA:7,0
DA:8,0
DA:9,0
DA:10,0
DA:11,0
LF:6
LH:0
end_of_record
SF:lib/src/core/error/exceptions.dart
DA:4,3
DA:5,1
DA:7,1
LF:3
LH:3
end_of_record
SF:lib/src/core/http/http_header.dart
DA:4,3
DA:7,6
DA:8,3
LF:3
LH:3
end_of_record
SF:lib/src/core/http/http_response_data.dart
DA:6,4
DA:10,8
DA:14,6
LF:3
LH:3
end_of_record
SF:lib/src/data/datasource/remote/user_remote_data_source_impl.dart
DA:11,1
DA:14,1
DA:16,2
DA:17,5
DA:18,1
DA:19,1
DA:20,3
DA:21,1
DA:22,1
DA:23,2
DA:24,1
DA:26,1
DA:27,1
DA:28,1
DA:29,2
DA:30,1
DA:31,2
DA:37,1
DA:39,3
DA:40,1
DA:41,1
DA:42,2
DA:43,1
DA:46,1
LF:24
LH:24
end_of_record
SF:lib/src/domain/entities/user_entity.dart
DA:15,5
DA:27,1
DA:38,1
DA:39,2
DA:40,1
DA:41,1
DA:42,1
DA:43,2
DA:44,2
DA:45,2
DA:46,1
DA:47,2
DA:51,24
DA:53,10
DA:55,2
DA:56,2
DA:57,2
DA:58,2
DA:59,2
DA:60,2
DA:61,2
DA:62,2
DA:63,2
DA:64,2
DA:65,2
DA:77,5
DA:83,1
DA:88,1
DA:89,1
DA:90,1
DA:91,1
DA:95,2
DA:96,2
DA:97,2
DA:98,2
DA:99,2
DA:110,5
DA:115,1
DA:119,1
DA:120,1
DA:121,1
DA:125,2
DA:126,2
DA:127,2
DA:128,2
DA:140,5
DA:146,1
DA:151,1
DA:152,1
DA:153,1
DA:154,1
DA:158,2
DA:159,2
DA:160,2
DA:161,2
DA:162,2
DA:173,5
DA:175,1
DA:179,1
DA:180,1
DA:181,1
DA:185,4
DA:187,2
DA:188,2
DA:189,2
DA:190,2
DA:205,5
DA:214,1
DA:222,1
DA:223,1
DA:224,1
DA:225,1
DA:226,1
DA:227,1
DA:228,1
DA:231,4
DA:232,5
DA:235,2
DA:236,2
DA:237,2
DA:238,2
DA:239,2
DA:240,2
DA:241,2
DA:242,2
LF:85
LH:85
end_of_record
SF:lib/src/data/model/model_user.dart
DA:8,3
DA:19,2
DA:20,2
DA:21,4
DA:22,2
DA:23,2
DA:24,2
DA:25,4
DA:26,4
DA:27,4
DA:28,2
DA:29,4
DA:35,3
DA:38,2
DA:39,2
DA:40,2
DA:41,2
DA:42,2
DA:48,3
DA:50,2
DA:51,2
DA:52,4
DA:53,2
DA:57,2
DA:58,2
DA:59,8
DA:61,2
DA:64,4
DA:65,8
DA:73,3
DA:76,2
DA:77,2
DA:78,2
DA:79,2
DA:80,2
DA:86,3
DA:88,2
DA:89,2
DA:90,2
DA:91,2
DA:97,3
DA:105,2
DA:108,2
DA:109,2
DA:110,2
DA:111,2
DA:114,2
DA:115,2
DA:116,0
DA:118,2
DA:121,2
DA:124,2
DA:125,2
DA:126,2
LF:54
LH:53
end_of_record
SF:lib/src/data/repositories/user_repository_impl.dart
DA:13,1
DA:16,1
DA:20,2
DA:21,1
DA:22,1
DA:23,2
DA:24,1
DA:25,1
DA:26,1
DA:27,1
DA:28,1
DA:29,1
DA:30,1
DA:31,1
DA:32,1
DA:33,1
DA:35,2
LF:17
LH:17
end_of_record
SF:lib/src/domain/usecases/usecase_get_users.dart
DA:11,1
DA:14,1
DA:16,2
LF:3
LH:3
end_of_record
SF:lib/src/core/enum/enum_filter.dart
DA:34,1
DA:37,1
DA:39,1
DA:41,1
DA:45,0
DA:48,0
DA:50,0
DA:52,0
DA:59,0
DA:62,0
DA:64,0
DA:66,0
DA:68,0
DA:70,0
DA:72,0
DA:74,0
DA:76,0
DA:78,0
DA:80,0
DA:82,0
DA:84,0
DA:86,0
DA:88,0
DA:90,0
DA:92,0
DA:94,0
DA:96,0
DA:98,0
DA:100,0
DA:102,0
DA:104,0
DA:109,1
DA:112,1
DA:114,1
DA:116,1
DA:118,1
DA:120,1
DA:122,1
DA:124,1
DA:126,1
DA:128,1
DA:130,1
DA:132,1
DA:134,1
DA:136,1
DA:138,1
DA:140,1
DA:142,1
DA:144,1
DA:146,1
DA:148,1
DA:150,1
DA:152,1
DA:154,1
LF:54
LH:27
end_of_record
SF:lib/src/presentation/bloc/users_bloc.dart
DA:21,1
DA:23,1
DA:32,2
DA:33,2
DA:34,2
DA:36,2
DA:37,2
DA:41,1
DA:42,3
DA:44,1
DA:45,1
DA:46,1
DA:47,2
DA:51,4
DA:52,4
DA:54,1
DA:55,2
DA:57,1
DA:58,2
DA:60,1
DA:61,1
DA:62,2
DA:63,2
DA:66,2
DA:68,1
DA:69,3
DA:70,1
DA:73,1
DA:74,1
DA:75,1
DA:76,2
DA:77,2
DA:78,2
DA:80,3
DA:89,1
DA:91,3
DA:92,3
DA:93,3
DA:94,1
DA:95,2
DA:96,1
DA:98,3
DA:99,3
DA:100,1
DA:101,2
DA:103,1
DA:104,2
DA:106,1
DA:107,1
DA:108,2
DA:109,2
DA:112,2
DA:114,1
DA:115,3
DA:117,1
DA:120,1
DA:121,1
DA:122,1
DA:123,2
DA:124,2
DA:125,2
DA:127,3
DA:129,4
DA:130,1
DA:131,2
DA:132,1
DA:137,1
DA:138,1
DA:139,3
DA:140,5
DA:141,2
DA:144,3
DA:147,1
DA:149,1
DA:150,3
DA:151,2
DA:153,3
LF:77
LH:77
end_of_record
SF:lib/src/presentation/bloc/users_event.dart
DA:4,2
DA:6,0
DA:7,0
DA:14,2
DA:16,0
DA:17,0
DA:25,1
DA:29,0
DA:30,0
DA:31,0
LF:10
LH:3
end_of_record
SF:lib/src/presentation/bloc/users_state.dart
DA:15,4
DA:26,2
DA:39,2
DA:50,2
DA:51,1
DA:52,2
DA:53,2
DA:54,2
DA:55,2
DA:56,2
DA:57,2
DA:58,2
DA:62,1
DA:64,1
DA:65,1
DA:66,1
DA:67,1
DA:68,1
DA:69,1
DA:70,1
DA:71,1
DA:72,1
LF:22
LH:22
end_of_record
SF:lib/src/presentation/pages/home/home_page.dart
DA:22,1
DA:24,1
DA:25,1
DA:35,1
DA:37,3
DA:38,1
DA:39,3
DA:40,3
DA:41,3
DA:42,1
DA:45,1
DA:47,1
DA:48,2
DA:49,1
DA:50,1
DA:51,2
DA:52,1
DA:53,1
DA:54,2
DA:55,1
DA:56,1
DA:59,1
DA:61,2
DA:62,1
DA:67,1
DA:71,1
DA:73,1
DA:74,2
DA:76,0
DA:82,1
DA:83,1
DA:85,1
DA:90,1
DA:91,1
DA:92,1
DA:93,1
DA:94,1
DA:96,1
DA:97,1
DA:98,1
DA:99,1
DA:100,1
DA:101,1
DA:102,1
DA:103,1
DA:104,0
DA:105,0
DA:106,0
DA:107,0
DA:108,0
DA:111,0
DA:112,0
DA:118,1
DA:119,1
DA:120,1
DA:121,1
DA:122,3
DA:123,1
DA:124,2
DA:125,0
DA:126,0
DA:129,1
DA:130,1
DA:131,1
DA:133,1
DA:134,1
DA:135,1
DA:136,1
DA:137,2
DA:140,1
DA:143,2
DA:144,1
DA:145,1
DA:147,0
DA:151,2
DA:156,1
DA:157,2
DA:159,2
DA:176,0
DA:177,0
DA:178,0
DA:179,0
DA:180,0
DA:181,0
DA:182,0
DA:194,0
DA:195,0
DA:196,0
DA:200,0
DA:201,0
DA:205,0
DA:206,0
DA:207,0
DA:208,0
DA:209,0
DA:210,0
DA:212,0
DA:219,0
DA:221,0
DA:222,0
DA:223,0
DA:224,0
DA:225,0
DA:227,0
DA:235,0
DA:236,0
DA:240,0
DA:241,0
DA:242,0
DA:243,0
DA:251,0
DA:252,0
DA:260,0
DA:261,0
DA:262,0
DA:263,0
DA:264,0
DA:265,0
DA:269,0
DA:270,0
LF:120
LH:67
end_of_record
SF:lib/src/presentation/pages/home/widget/card_user_widget.dart
DA:7,1
DA:11,1
DA:15,1
DA:17,1
DA:19,1
DA:22,1
DA:23,1
DA:24,1
DA:25,1
DA:26,1
DA:27,1
DA:28,1
DA:29,1
DA:30,3
DA:35,1
DA:36,1
DA:39,1
DA:40,1
DA:41,1
DA:42,1
DA:43,3
DA:44,1
DA:45,1
DA:46,1
DA:47,1
DA:54,1
DA:55,3
DA:56,1
DA:57,1
DA:58,1
DA:59,1
DA:61,1
DA:65,1
DA:67,1
DA:69,1
DA:70,1
DA:71,3
DA:72,1
DA:73,1
DA:74,1
DA:75,1
DA:77,1
DA:80,1
DA:81,2
DA:82,1
DA:83,1
DA:84,1
DA:85,1
DA:87,1
LF:49
LH:49
end_of_record
SF:lib/src/presentation/pages/home/widget/search_field_widget.dart
DA:4,1
DA:10,1
DA:16,1
DA:18,1
DA:20,3
DA:22,1
DA:23,1
DA:24,1
DA:25,1
DA:28,1
DA:32,3
DA:33,0
DA:34,0
LF:13
LH:11
end_of_record
SF:lib/src/presentation/pages/widget/loading/schimmer_card_list.dart
DA:8,1
DA:10,1
DA:13,1
DA:25,1
DA:26,0
DA:28,1
DA:33,1
DA:35,1
DA:37,1
DA:39,1
DA:42,1
DA:43,1
DA:44,1
DA:45,1
DA:46,1
DA:47,1
DA:48,1
DA:49,1
DA:57,1
DA:58,1
DA:61,1
DA:62,1
DA:63,1
DA:64,1
DA:65,1
DA:66,1
DA:67,1
DA:72,1
DA:73,1
DA:75,1
DA:76,1
DA:77,1
DA:78,1
DA:80,1
DA:85,1
DA:87,1
DA:89,1
DA:90,1
DA:91,1
DA:93,1
DA:94,1
DA:95,1
DA:96,1
DA:98,1
DA:102,1
DA:103,1
DA:105,1
DA:106,1
DA:107,1
DA:108,1
DA:110,1
DA:130,2
DA:134,1
DA:136,1
DA:137,1
DA:139,1
DA:141,1
LF:57
LH:56
end_of_record
SF:lib/src/core/extension/extension_string.dart
DA:2,1
DA:4,1
DA:7,1
DA:8,4
DA:11,0
DA:14,0
LF:6
LH:4
end_of_record
SF:lib/src/presentation/route/sheet/custom_modal_sheet.dart
DA:17,0
DA:22,0
DA:24,0
DA:25,0
DA:26,0
DA:27,0
DA:28,0
DA:29,0
DA:33,0
DA:35,0
DA:38,0
DA:40,0
DA:45,0
DA:55,0
DA:66,0
DA:67,0
DA:73,0
DA:74,0
DA:75,0
DA:76,0
DA:78,0
DA:79,0
DA:80,0
DA:81,0
DA:82,0
DA:86,0
DA:88,0
DA:91,0
DA:93,0
DA:94,0
DA:99,0
DA:101,0
DA:102,0
DA:103,0
DA:104,0
DA:105,0
DA:107,0
DA:108,0
DA:109,0
DA:110,0
DA:111,0
DA:112,0
DA:113,0
DA:116,0
DA:117,0
DA:118,0
DA:119,0
DA:120,0
DA:121,0
DA:122,0
DA:123,0
DA:124,0
DA:126,0
DA:129,0
DA:130,0
DA:132,0
DA:134,0
DA:139,0
DA:140,0
DA:141,0
DA:142,0
DA:153,0
DA:170,0
DA:187,0
DA:190,0
DA:193,0
DA:194,0
DA:199,0
DA:200,0
DA:204,0
DA:206,0
DA:207,0
DA:208,0
DA:209,0
DA:211,0
DA:212,0
DA:214,0
DA:217,0
DA:222,0
DA:223,0
DA:224,0
DA:225,0
DA:226,0
DA:227,0
DA:229,0
DA:230,0
DA:231,0
DA:233,0
DA:234,0
DA:235,0
DA:236,0
DA:237,0
DA:238,0
DA:244,0
DA:245,0
DA:249,0
DA:252,0
DA:276,0
DA:289,0
DA:291,0
DA:292,0
DA:294,0
DA:298,0
DA:302,0
DA:303,0
DA:304,0
DA:307,0
DA:309,0
DA:385,0
DA:403,0
DA:404,0
DA:406,0
DA:407,0
DA:410,0
DA:412,0
LF:115
LH:0
end_of_record
SF:lib/src/presentation/pages/widget/empty/empty_state_widget.dart
DA:23,2
DA:30,1
DA:39,0
DA:41,0
DA:42,0
DA:46,0
DA:47,0
DA:48,0
DA:51,0
DA:52,0
DA:55,0
DA:56,0
DA:57,0
DA:59,0
DA:60,0
DA:68,0
DA:69,0
DA:70,0
DA:72,0
DA:73,0
DA:81,0
DA:82,0
DA:83,0
DA:93,0
DA:95,0
DA:97,0
DA:98,0
DA:104,0
DA:110,0
DA:116,0
LF:30
LH:2
end_of_record
SF:lib/src/presentation/pages/widget/switcher/switcher_animete_widget.dart
DA:4,1
DA:8,1
DA:13,1
DA:15,1
DA:16,1
DA:17,1
DA:18,1
DA:19,1
DA:22,1
DA:24,1
LF:10
LH:10
end_of_record
SF:lib/src/presentation/pages/home/modal/sheet_filter_widget.dart
DA:9,0
DA:15,0
DA:23,0
DA:24,0
DA:31,0
DA:33,0
DA:34,0
DA:35,0
DA:38,0
DA:40,0
DA:41,0
DA:42,0
DA:43,0
DA:45,0
DA:49,0
DA:51,0
DA:52,0
DA:53,0
DA:59,0
DA:60,0
DA:61,0
DA:62,0
DA:63,0
DA:64,0
DA:65,0
DA:66,0
DA:72,0
DA:73,0
DA:74,0
DA:75,0
DA:76,0
DA:78,0
DA:79,0
DA:80,0
DA:81,0
DA:83,0
DA:85,0
DA:86,0
DA:90,0
DA:91,0
DA:92,0
DA:95,0
DA:96,0
DA:97,0
DA:107,0
DA:108,0
DA:109,0
DA:113,0
DA:114,0
DA:115,0
DA:121,0
DA:123,0
DA:128,0
DA:130,0
DA:132,0
DA:133,0
DA:137,0
DA:138,0
DA:140,0
DA:144,0
DA:145,0
DA:151,0
DA:153,0
DA:157,0
DA:159,0
DA:160,0
DA:161,0
DA:162,0
DA:164,0
DA:165,0
DA:166,0
DA:168,0
DA:169,0
DA:172,0
DA:173,0
DA:174,0
DA:175,0
DA:176,0
LF:78
LH:0
end_of_record
SF:lib/src/presentation/pages/home/modal/sheet_profile_widget.dart
DA:9,0
DA:13,0
DA:15,0
DA:18,0
DA:19,0
DA:20,0
DA:22,0
DA:24,0
DA:26,0
DA:27,0
DA:30,0
DA:33,0
DA:34,0
DA:35,0
DA:36,0
DA:38,0
DA:39,0
DA:41,0
DA:42,0
DA:45,0
DA:47,0
DA:52,0
DA:60,0
DA:63,0
DA:65,0
DA:70,1
DA:72,0
DA:74,0
DA:77,0
DA:78,0
DA:79,0
LF:31
LH:1
end_of_record
SF:lib/src/presentation/pages/home/widget/header_filter_widget.dart
DA:6,1
DA:11,1
DA:17,1
DA:19,1
DA:21,3
DA:22,1
DA:25,1
DA:26,1
DA:27,2
DA:28,0
DA:29,1
DA:30,1
DA:32,1
DA:33,2
DA:34,0
DA:35,2
DA:36,2
DA:37,0
DA:39,1
DA:40,2
DA:41,0
DA:42,2
DA:43,2
DA:44,0
DA:53,1
DA:59,1
DA:65,1
DA:67,2
DA:69,2
DA:70,2
DA:73,2
DA:74,0
DA:76,2
DA:77,0
DA:82,1
DA:83,1
DA:85,1
DA:87,1
DA:88,1
DA:89,1
DA:90,1
DA:91,1
DA:92,1
DA:93,1
DA:95,1
DA:97,0
DA:101,1
DA:104,1
DA:105,2
DA:108,0
DA:121,1
DA:126,1
DA:132,1
DA:134,2
DA:137,1
DA:138,1
DA:140,1
DA:142,1
DA:143,1
DA:144,1
DA:145,1
DA:146,1
DA:147,1
DA:148,1
DA:150,1
DA:151,1
DA:152,0
DA:156,1
DA:159,1
DA:160,2
DA:161,1
DA:163,1
DA:164,1
DA:177,0
DA:181,0
DA:183,0
DA:184,0
DA:185,0
DA:186,0
DA:189,0
DA:191,0
DA:193,0
LF:82
LH:63
end_of_record
SF:lib/src/presentation/pages/home/widget/loading_more_widget.dart
DA:6,2
DA:10,1
DA:12,1
DA:14,1
DA:15,2
DA:16,1
DA:18,1
LF:7
LH:7
end_of_record
SF:lib/src/presentation/pages/home/widget/title_home_widget.dart
DA:6,1
DA:8,1
DA:10,1
DA:12,1
LF:4
LH:4
end_of_record
SF:lib/src/presentation/pages/widget/button/button_back_modal_sheet.dart
DA:4,1
DA:6,0
DA:12,0
DA:14,0
DA:15,0
DA:16,0
DA:17,0
DA:24,0
DA:25,0
DA:28,0
DA:29,0
LF:11
LH:1
end_of_record
SF:lib/src/presentation/pages/widget/button/button_selected_filter_widget.dart
DA:4,0
DA:13,0
DA:24,0
DA:26,0
DA:27,0
DA:28,0
DA:29,0
DA:30,0
DA:31,0
DA:32,0
DA:33,0
DA:34,0
DA:35,0
DA:37,0
DA:39,0
DA:42,0
DA:45,0
DA:49,0
DA:50,0
DA:51,0
DA:52,0
DA:53,0
DA:58,0
DA:59,0
DA:67,0
DA:68,0
DA:69,0
LF:27
LH:0
end_of_record
SF:lib/src/presentation/pages/widget/avatar/avatar_user_widget.dart
DA:14,1
DA:20,1
DA:22,1
DA:24,2
DA:25,1
DA:28,1
DA:40,1
DA:42,1
DA:44,0
DA:45,0
DA:48,1
DA:49,1
DA:51,2
DA:52,1
DA:53,1
DA:55,1
DA:59,0
LF:17
LH:14
end_of_record
SF:lib/src/presentation/pages/widget/loading/jumping_dots_widget.dart
DA:10,1
DA:17,0
DA:19,1
DA:20,1
DA:28,1
DA:30,1
DA:31,1
DA:34,1
DA:36,1
DA:37,1
DA:40,1
DA:41,2
DA:42,1
DA:59,1
DA:61,1
DA:63,1
DA:64,2
DA:65,1
DA:66,1
DA:67,2
DA:68,1
DA:69,1
DA:71,1
DA:72,4
DA:73,1
DA:74,2
DA:75,2
DA:86,1
DA:87,2
DA:88,2
DA:89,4
DA:90,3
DA:92,3
DA:94,4
DA:95,1
DA:96,2
DA:97,1
DA:98,5
DA:100,4
DA:101,4
DA:102,1
DA:103,0
DA:104,0
DA:105,0
DA:108,4
DA:109,0
DA:110,0
DA:114,3
DA:122,1
DA:123,1
DA:125,1
DA:127,1
DA:130,1
DA:131,1
LF:54
LH:48
end_of_record
SF:lib/src/presentation/pages/widget/text/title_resume_widget.dart
DA:4,1
DA:9,0
DA:15,1
DA:17,2
DA:19,1
DA:20,1
DA:21,1
DA:22,3
LF:8
LH:7
end_of_record
SF:lib/src/presentation/pages/library/shimmer.dart
DA:58,0
DA:66,0
DA:73,1
DA:82,1
DA:85,1
DA:99,1
DA:101,1
DA:102,1
DA:104,0
DA:106,0
DA:108,0
DA:110,0
DA:111,0
DA:112,0
DA:113,0
DA:121,1
DA:123,1
DA:124,4
DA:125,2
DA:126,1
DA:129,0
DA:130,0
DA:131,0
DA:132,0
DA:133,0
DA:136,2
DA:137,2
DA:141,0
DA:143,0
DA:144,0
DA:146,0
DA:148,0
DA:151,1
DA:153,1
DA:154,1
DA:155,2
DA:156,2
DA:157,2
DA:158,2
DA:159,2
DA:165,1
DA:167,2
DA:168,1
DA:178,1
DA:183,1
DA:185,1
DA:187,4
DA:190,1
DA:193,2
DA:194,2
DA:195,2
DA:204,1
DA:206,1
DA:207,1
DA:209,1
DA:210,1
DA:212,1
DA:213,2
DA:216,1
DA:217,1
DA:220,1
DA:221,2
DA:224,0
DA:225,0
DA:228,1
DA:229,2
DA:232,0
DA:233,0
DA:236,1
DA:238,1
DA:239,1
DA:241,3
DA:242,3
DA:245,2
DA:246,0
DA:248,0
DA:249,2
DA:251,0
DA:252,0
DA:253,2
DA:255,0
DA:256,0
DA:258,3
DA:260,3
DA:262,2
DA:263,1
DA:264,3
DA:265,3
DA:266,1
DA:267,2
DA:269,0
DA:273,1
DA:274,3
LF:93
LH:63
end_of_record
SF:lib/src/presentation/pages/widget/text/body_resume_widget.dart
DA:4,0
DA:5,0
DA:10,0
DA:13,0
DA:16,0
DA:17,0
DA:19,0
DA:20,0
DA:22,0
DA:27,0
DA:33,0
DA:40,0
DA:42,0
DA:43,0
DA:44,0
DA:45,0
DA:48,0
DA:49,0
DA:51,0
DA:53,0
DA:55,0
LF:21
LH:0
end_of_record
SF:lib/src/presentation/pages/widget/text/subtitle_resume_widget.dart
DA:7,1
DA:13,0
DA:20,0
DA:22,0
DA:23,0
DA:24,0
DA:25,0
DA:26,0
DA:31,0
DA:37,0
DA:44,0
DA:46,0
DA:47,0
DA:48,0
DA:49,0
DA:50,0
DA:55,0
DA:63,0
DA:72,0
DA:74,0
DA:75,0
DA:76,0
DA:77,0
DA:78,0
DA:79,0
DA:80,0
DA:82,0
LF:27
LH:1
end_of_record
SF:lib/src/presentation/theme/palette.dart
DA:6,0
DA:7,0
DA:8,0
DA:9,0
DA:10,0
DA:13,0
DA:14,0
DA:16,0
DA:20,0
DA:21,0
DA:22,0
DA:23,0
DA:24,0
DA:25,0
DA:26,0
DA:28,0
DA:29,0
DA:30,0
DA:31,0
DA:35,0
DA:36,0
DA:38,0
DA:39,0
DA:40,0
DA:41,0
DA:44,0
DA:45,0
DA:47,0
DA:48,0
DA:49,0
DA:50,0
DA:54,0
DA:55,0
DA:57,0
DA:58,0
DA:60,0
LF:36
LH:0
end_of_record
