SF:lib/src/core/http/http_helper.dart
DA:12,1
DA:17,1
DA:18,1
DA:22,1
DA:23,1
DA:24,1
DA:25,1
DA:26,3
DA:27,1
DA:28,2
DA:29,3
DA:30,1
DA:31,1
DA:32,1
DA:33,3
DA:35,3
DA:39,1
DA:40,3
DA:41,2
DA:42,1
DA:43,4
DA:46,4
DA:47,2
DA:48,1
LF:24
LH:24
end_of_record
SF:lib/src/core/http/http_request_parameters.dart
DA:16,6
DA:27,1
DA:38,1
DA:39,1
DA:40,1
DA:41,1
DA:42,1
DA:43,1
DA:44,1
DA:45,1
DA:46,1
DA:47,1
DA:51,1
DA:53,2
DA:54,1
DA:55,1
DA:56,1
DA:57,1
DA:58,1
DA:61,1
DA:62,1
DA:63,1
DA:64,1
DA:65,1
DA:66,1
DA:67,1
DA:68,1
DA:69,1
DA:70,1
DA:71,1
LF:30
LH:30
end_of_record
SF:lib/src/core/certificate/cert.dart
DA:5,0
DA:7,0
DA:8,0
DA:9,0
DA:10,0
DA:11,0
LF:6
LH:0
end_of_record
SF:lib/src/core/error/exceptions.dart
DA:4,3
DA:5,1
DA:7,1
LF:3
LH:3
end_of_record
SF:lib/src/core/http/http_header.dart
DA:4,3
DA:7,6
DA:8,3
LF:3
LH:3
end_of_record
SF:lib/src/core/http/http_response_data.dart
DA:6,3
DA:10,6
DA:14,4
LF:3
LH:3
end_of_record
SF:lib/src/data/datasource/remote/user_remote_data_source_impl.dart
DA:11,1
DA:14,1
DA:16,2
DA:17,5
DA:18,1
DA:19,1
DA:20,3
DA:21,1
DA:22,1
DA:23,2
DA:24,1
DA:26,1
DA:27,1
DA:28,1
DA:29,2
DA:30,1
DA:31,2
DA:37,1
DA:39,3
DA:40,1
DA:41,1
DA:42,2
DA:43,1
DA:46,1
LF:24
LH:24
end_of_record
SF:lib/src/domain/entities/user_entity.dart
DA:15,4
DA:27,1
DA:38,1
DA:39,2
DA:40,1
DA:41,1
DA:42,1
DA:43,2
DA:44,2
DA:45,2
DA:46,1
DA:47,2
DA:51,16
DA:53,5
DA:55,2
DA:56,2
DA:57,2
DA:58,2
DA:59,2
DA:60,2
DA:61,2
DA:62,2
DA:63,2
DA:64,2
DA:65,2
DA:77,4
DA:83,1
DA:88,1
DA:89,1
DA:90,1
DA:91,1
DA:95,2
DA:96,2
DA:97,2
DA:98,2
DA:99,2
DA:110,4
DA:115,1
DA:119,1
DA:120,1
DA:121,1
DA:125,2
DA:126,2
DA:127,2
DA:128,2
DA:140,4
DA:146,1
DA:151,1
DA:152,1
DA:153,1
DA:154,1
DA:158,2
DA:159,2
DA:160,2
DA:161,2
DA:162,2
DA:173,4
DA:175,1
DA:179,1
DA:180,1
DA:181,1
DA:185,4
DA:187,2
DA:188,2
DA:189,2
DA:190,2
DA:205,4
DA:214,1
DA:222,1
DA:223,1
DA:224,1
DA:225,1
DA:226,1
DA:227,1
DA:228,1
DA:231,4
DA:232,5
DA:235,2
DA:236,2
DA:237,2
DA:238,2
DA:239,2
DA:240,2
DA:241,2
DA:242,2
LF:85
LH:85
end_of_record
SF:lib/src/data/model/model_user.dart
DA:8,3
DA:19,2
DA:20,2
DA:21,4
DA:22,2
DA:23,2
DA:24,2
DA:25,4
DA:26,4
DA:27,4
DA:28,2
DA:29,4
DA:35,3
DA:38,2
DA:39,2
DA:40,2
DA:41,2
DA:42,2
DA:48,3
DA:50,2
DA:51,2
DA:52,4
DA:53,2
DA:57,2
DA:58,2
DA:59,8
DA:61,2
DA:64,4
DA:65,8
DA:73,3
DA:76,2
DA:77,2
DA:78,2
DA:79,2
DA:80,2
DA:86,3
DA:88,2
DA:89,2
DA:90,2
DA:91,2
DA:97,3
DA:105,2
DA:108,2
DA:109,2
DA:110,2
DA:111,2
DA:114,2
DA:115,2
DA:116,0
DA:118,2
DA:121,2
DA:124,2
DA:125,2
DA:126,2
LF:54
LH:53
end_of_record
SF:lib/src/data/repositories/user_repository_impl.dart
DA:13,1
DA:16,1
DA:20,2
DA:21,1
DA:22,1
DA:23,2
DA:24,1
DA:25,1
DA:26,1
DA:27,1
DA:28,1
DA:29,1
DA:30,1
DA:31,1
DA:32,1
DA:33,1
DA:35,2
LF:17
LH:17
end_of_record
SF:lib/src/domain/usecases/usecase_get_users.dart
DA:11,1
DA:14,1
DA:16,2
LF:3
LH:3
end_of_record
SF:lib/src/core/enum/enum_filter.dart
DA:34,1
DA:37,1
DA:39,1
DA:41,1
DA:45,0
DA:48,0
DA:50,0
DA:52,0
DA:59,0
DA:62,0
DA:64,0
DA:66,0
DA:68,0
DA:70,0
DA:72,0
DA:74,0
DA:76,0
DA:78,0
DA:80,0
DA:82,0
DA:84,0
DA:86,0
DA:88,0
DA:90,0
DA:92,0
DA:94,0
DA:96,0
DA:98,0
DA:100,0
DA:102,0
DA:104,0
DA:109,1
DA:112,1
DA:114,1
DA:116,1
DA:118,1
DA:120,1
DA:122,1
DA:124,1
DA:126,1
DA:128,1
DA:130,1
DA:132,1
DA:134,1
DA:136,1
DA:138,1
DA:140,1
DA:142,1
DA:144,1
DA:146,1
DA:148,1
DA:150,1
DA:152,1
DA:154,1
LF:54
LH:27
end_of_record
SF:lib/src/presentation/bloc/users_bloc.dart
DA:21,1
DA:23,1
DA:32,2
DA:33,2
DA:34,2
DA:36,2
DA:37,2
DA:41,1
DA:42,3
DA:44,1
DA:45,1
DA:46,1
DA:47,2
DA:51,4
DA:52,4
DA:54,1
DA:55,2
DA:57,1
DA:58,2
DA:60,1
DA:61,1
DA:62,2
DA:63,2
DA:66,2
DA:68,1
DA:69,3
DA:70,1
DA:73,1
DA:74,1
DA:75,1
DA:76,2
DA:77,2
DA:78,2
DA:80,3
DA:89,1
DA:91,3
DA:92,3
DA:93,3
DA:94,1
DA:95,2
DA:96,1
DA:98,3
DA:99,3
DA:100,1
DA:101,2
DA:103,1
DA:104,2
DA:106,1
DA:107,1
DA:108,2
DA:109,2
DA:112,2
DA:114,1
DA:115,3
DA:117,1
DA:120,1
DA:121,1
DA:122,1
DA:123,2
DA:124,2
DA:125,2
DA:127,3
DA:129,4
DA:130,1
DA:131,2
DA:132,1
DA:137,1
DA:138,1
DA:139,3
DA:140,5
DA:141,2
DA:144,3
DA:147,1
DA:149,1
DA:150,3
DA:151,2
DA:153,3
LF:77
LH:77
end_of_record
SF:lib/src/presentation/bloc/users_event.dart
DA:4,1
DA:6,0
DA:7,0
DA:14,1
DA:16,0
DA:17,0
DA:25,1
DA:29,0
DA:30,0
DA:31,0
LF:10
LH:3
end_of_record
SF:lib/src/presentation/bloc/users_state.dart
DA:15,2
DA:26,1
DA:39,1
DA:50,1
DA:51,1
DA:52,1
DA:53,1
DA:54,1
DA:55,1
DA:56,1
DA:57,1
DA:58,1
DA:62,1
DA:64,1
DA:65,1
DA:66,1
DA:67,1
DA:68,1
DA:69,1
DA:70,1
DA:71,1
DA:72,1
LF:22
LH:22
end_of_record
